CPU info:
Architecture:                    x86_64
CPU op-mode(s):                  32-bit, 64-bit
Address sizes:                   39 bits physical, 48 bits virtual
Byte Order:                      Little Endian
CPU(s):                          8
On-line CPU(s) list:             0-7
Vendor ID:                       GenuineIntel
Model name:                      Intel(R) Core(TM) i7-10510U CPU @ 1.80GHz
CPU family:                      6
Model:                           142
Thread(s) per core:              2
Core(s) per socket:              4
Socket(s):                       1
Stepping:                        12
CPU max MHz:                     4900.0000
CPU min MHz:                     400.0000
BogoMIPS:                        4599.93
Flags:                           fpu vme de pse tsc msr pae mce cx8 apic sep mtrr pge mca cmov pat pse36 clflush dts acpi mmx fxsr sse sse2 ss ht tm pbe syscall nx pdpe1gb rdtscp lm constant_tsc art arch_perfmon pebs bts rep_good nopl xtopology nonstop_tsc cpuid aperfmperf pni pclmulqdq dtes64 monitor ds_cpl est tm2 ssse3 sdbg fma cx16 xtpr pdcm pcid sse4_1 sse4_2 x2apic movbe popcnt tsc_deadline_timer aes xsave avx f16c rdrand lahf_lm abm 3dnowprefetch cpuid_fault epb invpcid_single ssbd ibrs ibpb stibp ibrs_enhanced fsgsbase tsc_adjust bmi1 avx2 smep bmi2 erms invpcid mpx rdseed adx smap clflushopt intel_pt xsaveopt xsavec xgetbv1 xsaves dtherm ida arat pln pts hwp hwp_notify hwp_act_window hwp_epp md_clear flush_l1d arch_capabilities
L1d cache:                       128 KiB (4 instances)
L1i cache:                       128 KiB (4 instances)
L2 cache:                        1 MiB (4 instances)
L3 cache:                        8 MiB (1 instance)
NUMA node(s):                    1
NUMA node0 CPU(s):               0-7
Vulnerability Itlb multihit:     KVM: Mitigation: VMX unsupported
Vulnerability L1tf:              Not affected
Vulnerability Mds:               Not affected
Vulnerability Meltdown:          Not affected
Vulnerability Spec store bypass: Mitigation; Speculative Store Bypass disabled via prctl and seccomp
Vulnerability Spectre v1:        Mitigation; usercopy/swapgs barriers and __user pointer sanitization
Vulnerability Spectre v2:        Mitigation; Enhanced IBRS, IBPB conditional, RSB filling
Vulnerability Srbds:             Mitigation; TSX disabled
Vulnerability Tsx async abort:   Not affected


Memory:
               total        used        free      shared  buff/cache   available
Mem:        16155908     6427412      395440     3894744     9333056     5520392
Swap:        8388604        2728     8385876


Storage:
Filesystem                                             Size  Used Avail Use% Mounted on
/dev/mapper/luks-fc20e6ed-ba29-449f-96bf-69dc84a9dae3  511G  354G  155G  70% /
