gpg-pubkey-38ab71f4-60242b08 1612983048 0 (none) installed
gpg-pubkey-9867c58f-601c49ca 1612466634 0 (none) installed
libgcc-11.2.1-6.fc36.x86_64 1634659195 198596 948bcb6d189fc7ee2bcf08df3e0ded0d installed
crypto-policies-20210917-1.gitc9d86d1.fc36.noarch 1631901128 86073 f48797f7cee7bb76459a72ae397c2bbe installed
fedora-release-identity-basic-36-0.7.noarch 1629727368 748 67e266a3ec721a2c5127bef2ed8c372b installed
tzdata-2021a-2.fc35.noarch 1627084482 1817652 7912221f6ce6fe8b2a809fbf187f5199 installed
rust-srpm-macros-18-2.fc35.noarch 1627067759 2447 f3c831d1f80f4c06a6cd1f7967318c75 installed
qt5-srpm-macros-5.15.2-3.fc35.noarch 1627037606 492 be3fc262a57f16a89528f058f00a9dc3 installed
publicsuffix-list-dafsa-20210518-2.fc35.noarch 1627015083 68815 66e8314a663c969e724c10861c660788 installed
pkgconf-m4-1.8.0-1.fc35.noarch 1627221480 14187 d3b120a3b4d78e4a7e45396f30d9c709 installed
perl-srpm-macros-1-42.fc35.noarch 1627009629 862 31fd62af1588ade5c32d0b0fcefa45d8 installed
pcre2-syntax-10.38-1.fc36.noarch 1633960594 226482 377be20a3a1842554d538712bfe6d3b0 installed
openblas-srpm-macros-2-10.fc35.noarch 1626993369 104 6ef8804b6de37b9a73f2b8502530fc68 installed
ocaml-srpm-macros-6-5.fc35.noarch 1626992091 745 519a978bddefede5d9252679a1726863 installed
nim-srpm-macros-3-5.fc35.noarch 1626987977 1098 50f3b27dca3c2554c3334b6908fa8da4 installed
ncurses-base-6.2-8.20210508.fc35.noarch 1626991807 307293 6fc56839d735263a9cfc0886c8d62377 installed
libssh-config-0.9.6-1.fc36.noarch 1632238630 277 1f87ba3b630a8afeebedabfad4aeee99 installed
kernel-srpm-macros-1.0-6.fc35.noarch 1626954864 621 f34169675490393047c9f76bb0dd5167 installed
gnat-srpm-macros-4-14.fc35.noarch 1626923297 725 acfa6b9efd8326ee09e42947528d2fad installed
ghc-srpm-macros-1.5.0-5.fc35.noarch 1626920787 535 83b17a3ad07bb6dce09a1113c2fbfc49 installed
fpc-srpm-macros-1.3-4.fc35.noarch 1626912175 144 46535e4ca0d7762b018d90f26785ebe9 installed
fedora-gpg-keys-36-0.3.noarch 1629216661 118311 1d520683e0e7cc4221ade46bec750891 installed
fedora-release-36-0.7.noarch 1629727368 0 e093deb4e2f58f692e9b126dffe62afa installed
fedora-release-common-36-0.7.noarch 1629727368 17568 ada8b78d5dd5dc784b1aa329da05df76 installed
fedora-repos-rawhide-36-0.3.noarch 1629216661 2203 d83e34aeb6aa0cfd354175876d3b63b1 installed
fedora-repos-36-0.3.noarch 1629216661 4597 8205ec5fae44ad89b015238f2f0b462b installed
setup-2.13.9.1-2.fc35.noarch 1627075056 736053 64f8b1c53f47bf22f25324c6e700cc72 installed
filesystem-3.16-1.fc36.x86_64 1632304495 106 696c3c32224ced91b048af23913ccaef installed
basesystem-11-12.fc35.noarch 1626892315 0 af618e2cf6a1583a176bb5e45b0a5068 installed
glibc-gconv-extra-2.34.9000-15.fc36.x86_64 1634766148 8225740 a5d862cdb9914230be10f7673977f3a8 installed
glibc-minimal-langpack-2.34.9000-15.fc36.x86_64 1634766148 0 170a4b8e81a2dc8bfb98e4681142508f installed
glibc-common-2.34.9000-15.fc36.x86_64 1634766148 1097554 3127cbada1be2351ef0a0195f33e9c13 installed
glibc-2.34.9000-15.fc36.x86_64 1634766148 6281179 a281549ad97fd072b36a914d9868a853 installed
ncurses-libs-6.2-8.20210508.fc35.x86_64 1626985943 996375 2f994f573415c7206570f1717dcf626b installed
bash-5.1.8-2.fc36.x86_64 1630324752 7739604 596727f5dd4f142a4fc1bfbc264c4a35 installed
zlib-1.2.11-30.fc35.x86_64 1627555046 203449 fc88ceb52649360b8d871331220b0f6c installed
bzip2-libs-1.0.8-9.fc35.x86_64 1626894869 78660 0d16644a1c137a65208e4cf440c4d832 installed
xz-libs-5.2.5-7.fc35.x86_64 1627092507 181437 a020e7464332c7f3873c34907eacff50 installed
elfutils-libelf-0.185-5.fc35.x86_64 1628259076 992174 34da460b225bcbd122e42ed8c6ca2415 installed
libstdc++-11.2.1-6.fc36.x86_64 1634659195 2479101 89257d9a10d316dc32c8e304e071efbe installed
libuuid-2.37.2-1.fc36.x86_64 1629194240 34397 2edb70a01bb7932f8358c5992c0dc474 installed
libzstd-1.5.0-2.fc35.x86_64 1627093306 1028163 c56a81660a167665720337b2d0c97070 installed
gmp-1:6.2.0-7.fc36.x86_64 1630427194 817886 eba3ce822c0268f8dd3d9a6e512cf55b installed
libattr-2.5.1-3.fc35.x86_64 1626891756 29341 a17b4483f4a01b5eb6d01f41842da285 installed
libacl-2.3.1-2.fc35.x86_64 1626889009 41090 7f91f200578996693fbd6ba53b745348 installed
libcap-2.48-3.fc35.x86_64 1626961088 180511 fa377911e225ceb086daf490d0c94ab7 installed
libcom_err-1.46.4-1.fc36.x86_64 1629807360 68945 a7c2723b8bbf1bf73dbbfd124a54cf3c installed
libxcrypt-4.4.26-4.fc36.x86_64 1632260314 275090 950aebba01d9009bb03a60a10a078640 installed
popt-1.18-6.fc36.x86_64 1631658902 130248 1d7d1c136af2df09061406932ba0c8c2 installed
readline-8.1-3.fc35.x86_64 1627041494 492684 aaf61524862c6beeb77380c15d658a93 installed
mpfr-4.1.0-8.fc35.x86_64 1626983884 802431 de62fb0bd1ab4954a5a3e601e4f95b58 installed
dwz-0.14-2.fc35.x86_64 1626907299 280646 8ae97d97b2c29bfe9e0ee73643bedfdd installed
unzip-6.0-53.fc35.x86_64 1627085048 394499 60a40024a1a2cc4e6734159ed1108959 installed
file-libs-5.41-1.fc36.x86_64 1634677368 8807844 3f6a37d6c5bbd22a9376ce12608906e9 installed
file-5.41-1.fc36.x86_64 1634677368 98373 72b8f28bac0368bc72027dff2bbaa97b installed
openssl1.1-1:1.1.1l-1.fc36.x86_64 1632138772 3876243 29868be49deeb8c77436b599365172d1 installed
sqlite-libs-3.36.0-4.fc36.x86_64 1629274141 1338849 1e9a9fef41195dcb15fa5d655a3d168d installed
alternatives-1.19-1.fc35.x86_64 1627054363 63264 5cd393a56ec2efe3a8dd3f9abe55f043 installed
libcap-ng-0.8.2-7.fc36.x86_64 1632337115 75012 57098680eb7832ece9c9089fe53a280e installed
audit-libs-3.0.6-1.fc36.x86_64 1633107302 307281 f50f5dee1a1c6705169fa17042f6257a installed
libsepol-3.3-1.fc36.x86_64 1634898517 755963 4ddeff0eab7624bdcd30f3cc2e13147d installed
libsmartcols-2.37.2-1.fc36.x86_64 1629194240 135371 87c55bfc59efd942ef74441cc73528b6 installed
libunistring-0.9.10-14.fc35.x86_64 1626970676 1642923 fb4cd52955e96d4fe989ece3153119fa installed
libidn2-2.3.2-3.fc36.x86_64 1630430183 291720 8bec67ffc0040305e3efb64d378cf49a installed
lua-libs-5.4.3-2.fc35.x86_64 1626974759 555606 708062639b1ec59c853e3949ecb655b4 installed
lz4-libs-1.9.3-3.fc35.x86_64 1626976924 145387 35f02696af287b52c0a8ccd356299a79 installed
libpsl-0.21.1-4.fc35.x86_64 1626969221 78520 418fc994aecd296a0e9f3a900a46f7c5 installed
zip-3.0-31.fc35.x86_64 1627093104 712847 8bc0595d10f2bc85179113ad1484aba4 installed
zstd-1.5.0-2.fc35.x86_64 1627093306 1960479 13397e9d0ff36b3adf5abe7703fd0c04 installed
libxml2-2.9.12-6.fc35.x86_64 1626972022 1923894 58e6c4b8f0daf9cb8cf8355e9855a6ce installed
libarchive-3.5.2-2.fc36.x86_64 1630307534 907245 2cf74a4f9a53cf7b134f11d53d18f855 installed
bzip2-1.0.8-9.fc35.x86_64 1626894869 93960 09e7295f0c331b654d38e247851f9801 installed
elfutils-default-yama-scope-0.185-5.fc35.noarch 1628259164 1810 1a4ed61c32688e5f2f93ce33501c4a16 installed
info-6.8-2.fc35.x86_64 1627082242 503786 d1e469daef55e19b18e1753de365ed7b installed
ed-1.14.2-11.fc35.x86_64 1626907257 129811 094cf9934b01744c0c414314070af36f installed
cpio-2.13-11.fc36.x86_64 1630325808 1083898 cc85cc47d3f25270b54345d0e0ae768a installed
diffutils-3.8-1.fc35.x86_64 1627895573 1563061 b288fa5059e9d347c23ecf7459de1392 installed
gdbm-libs-1:1.22-1.fc36.x86_64 1634724719 128586 372620214f5cb6cdd6fde1753825fb46 installed
keyutils-libs-1.6.1-3.fc35.x86_64 1626955294 55801 535a1f1ca9e121cd9574c95b07820bb7 installed
libbrotli-1.0.9-6.fc35.x86_64 1626893913 784274 d45caad095b8be733739ddc36bbf1a3b installed
libdb-5.3.28-50.fc36.x86_64 1631794375 1922790 9165d206f0ee0ccb1da2c1528586359a installed
libeconf-0.4.0-2.fc35.x86_64 1626962507 46171 1d425d5dc6879bacad175542465b0706 installed
libffi-3.1-28.fc34.x86_64 1611731196 56840 077bc570623183e5b0eb94e8ef14e874 installed
p11-kit-0.23.22-4.fc35.x86_64 1626999243 1659536 2e7cda635f37cded07d6b2c83065ba9a installed
libgomp-11.2.1-6.fc36.x86_64 1634659195 412772 732c7e4d782e9dd4f71784cf913cadb6 installed
libgpg-error-1.42-3.fc35.x86_64 1626964592 836808 bc7cec2126eb6c5f164a0d5dadd176cb installed
libgcrypt-1.9.4-1.fc36.x86_64 1629720680 1392852 59e2cc2fed649bc002fb75e05e789b1d installed
libnghttp2-1.46.0-1.fc36.x86_64 1634648839 162532 f366923935df459db89aea672fbf3eb8 installed
libpkgconf-1.8.0-1.fc35.x86_64 1627221416 75953 4a3b0d15ab4d7e8482d98d677ad5b928 installed
pkgconf-1.8.0-1.fc35.x86_64 1627221416 81451 f6bab719cb8f1b8c5862882bc45d2b45 installed
pkgconf-pkg-config-1.8.0-1.fc35.x86_64 1627221416 989 a02a23bcacf44a3bdfc74247bc5d893c installed
libsigsegv-2.13-3.fc35.x86_64 1626969727 50250 f9aa2f7104c70b331c044360a70664f4 installed
gawk-5.1.0-4.fc35.x86_64 1626915218 1684030 4c2057f0c12df0632024f9b90f075c28 installed
libtasn1-4.16.0-6.fc35.x86_64 1626970012 183868 de5f598de38a61b7288a400c1398b8e3 installed
p11-kit-trust-0.23.22-4.fc35.x86_64 1626999243 451087 70a611a55f6a52dbf5e6966daff44ae9 installed
libverto-0.3.2-2.fc35.x86_64 1626970819 30277 cbb25f656c2c22c557ee83ad0d80dfb1 installed
pcre-8.45-1.fc36.x86_64 1629279764 539220 6a5448ab58ca42fa50de789ab3a15848 installed
grep-3.7-1.fc36.x86_64 1629144799 949303 418a97f7521220f4733ccdad7c84451f installed
xz-5.2.5-7.fc35.x86_64 1627092507 685425 dd341adc7fbb8844cb9965b1eb893ec4 installed
pcre2-10.38-1.fc36.x86_64 1633960382 633266 7e31c513ab9042cc939c766c7b1efd58 installed
libselinux-3.3-1.fc36.x86_64 1634903551 169437 2d15b3d1a0de42de5fbbcc2a6508ca61 installed
sed-4.8-8.fc35.x86_64 1627074776 813479 18a95fcfe58463e71717b520d2412a8a installed
findutils-1:4.8.0-4.fc35.x86_64 1626911297 1758182 f636dbf756669a4ed38bc1dff6c63018 installed
libsemanage-3.3-1.fc36.x86_64 1634905114 303896 8ed4e5384f70b0f9d587277fd6c770b9 installed
shadow-utils-2:4.9-4.fc36.x86_64 1632389763 3836725 4c06b2ae93a5fa3a4322efb1fed307b2 installed
libutempter-1.2.1-5.fc35.x86_64 1626970643 58697 1c069b7288b0240929a10f6ac1cc1514 installed
patch-2.7.6-15.fc35.x86_64 1627000523 265410 1e6cd06c190ae494f76619ff9487c79b installed
tar-2:1.34-2.fc35.x86_64 1627081075 3156278 052b560465e9eebf3c4f7986aa10ee0b installed
xxhash-libs-0.8.0-4.fc35.x86_64 1627092400 105030 300fca06d5c6d5eaa03afd87981cbdd2 installed
coreutils-common-9.0-2.fc36.x86_64 1633350515 11033739 13dc7ddd21a60338fa3b873707724bed installed
openssl-libs-1:3.0.0-1.fc36.x86_64 1631206141 6910251 eecd9be83d355e37db387ec828737d70 installed
coreutils-9.0-2.fc36.x86_64 1633350515 5711386 418571a189b3343b279a0ff40fde28af installed
ca-certificates-2021.2.50-3.fc35.noarch 1626894832 939948 aff01f0137ea9195efe407be332a9c66 installed
krb5-libs-1.19.2-3.fc36.x86_64 1629825434 2198405 86be5f59ddccdf777917f48e6d2f57cf installed
libblkid-2.37.2-1.fc36.x86_64 1629194240 230761 bcf6f579f2b0dd97f8bd07fd7c1ba638 installed
libmount-2.37.2-1.fc36.x86_64 1629194240 311117 0947343ed48d8d733d44ab4c62b40f85 installed
libtirpc-1.3.2-1.rc1.fc36.x86_64 1631022089 208178 913ab7f77980f2baa1545e35fdbaf84b installed
gzip-1.11-1.fc36.x86_64 1634828906 370548 794ed9a20c54f84518e4136dd1e54b06 installed
systemd-libs-249.5-1.fc36.x86_64 1634204391 1730640 0f0261b75e5750b545bd10aa26ce4684 installed
util-linux-core-2.37.2-1.fc36.x86_64 1629194240 1279584 d296b4db24ad10daca513e302e92ceac installed
cracklib-2.9.6-27.fc36.x86_64 1630357018 251474 942e9fca4ce39033b500229201baeb56 installed
libnsl2-1.3.0-4.fc35.x86_64 1626968101 130270 ec90470cea464c30c21887ef0b6b5f78 installed
libpwquality-1.4.4-6.fc36.x86_64 1628688648 415452 f743797d80fbc29a7c38d3fda554ca5b installed
pam-1.5.2-6.fc36.x86_64 1633617824 1954020 ddd3c23fae599e2290c4c4d32ba5ade9 installed
libfdisk-2.37.2-1.fc36.x86_64 1629194240 368883 94b88429c34d3017d1a8cc4436e6f32f installed
cyrus-sasl-lib-2.1.27-16.fc36.x86_64 1634043547 2409888 e427e9a94b2dd7fd03de97dae3b456e8 installed
openldap-2.4.59-4.fc36.x86_64 1633097029 718693 f7df4289afa6e71199687f3a9e8ebb08 installed
libssh-0.9.6-1.fc36.x86_64 1632238467 513065 b5b56898289f134595e72319cd4acaaf installed
libcurl-7.79.1-2.fc36.x86_64 1633338328 681070 c7c4f636ac87fae79cd9e14efba601ca installed
elfutils-libs-0.185-5.fc35.x86_64 1628259076 709117 2c1ab9675c840b1b828052157ed4cc9f installed
elfutils-debuginfod-client-0.185-5.fc35.x86_64 1628259076 52049 0303741a9495931d73ae739631434d14 installed
binutils-gold-2.37-15.fc36.x86_64 1634135253 1981211 cf21d1b66470a86fd7dcbefef1caf53a installed
binutils-2.37-15.fc36.x86_64 1634135253 34151869 c97411a22cc1d15490830ef69edea69f installed
elfutils-0.185-5.fc35.x86_64 1628259076 2817145 f9356ecaba6fa95c491d3c17b313d91d installed
gdb-minimal-11.1-2.fc36.x86_64 1634259467 12683252 321ad744d60ba03559e1d836bd558b10 installed
debugedit-5.0-2.fc35.x86_64 1627943772 194459 5239705164dbdb4cc743115c72824aaa installed
curl-7.79.1-2.fc36.x86_64 1633338328 723156 4b4a5cfb49a959b1eed69fb87b2cbf88 installed
rpm-4.17.0-1.fc36.1.x86_64 1631644675 2948922 a420c79ff2a9cffb2ef50aad8ddacab4 installed
rpm-libs-4.17.0-1.fc36.1.x86_64 1631644675 775140 25b1fbc8993fe8028856f1bc219d9e3e installed
rpm-build-libs-4.17.0-1.fc36.1.x86_64 1631644675 199518 7056d76c06bed3b527421ac5b8e6a828 installed
efi-srpm-macros-5-4.fc36.noarch 1630608889 41111 9ac42e695d91164878696a83a337da1f installed
lua-srpm-macros-1-5.fc35.noarch 1626974425 1314 1d371eb16120fb40dbf7c0f03c3e8291 installed
rpmautospec-rpm-macros-0.2.5-1.fc35.noarch 1628264740 698 8d7c0d5e1ebd255a29531ed50f7eac01 installed
fonts-srpm-macros-1:2.0.5-6.fc35.noarch 1626911835 56503 e028a54cd411cf0f8ad51dcc2fde13e2 installed
go-srpm-macros-3.0.11-2.fc35.noarch 1626930626 60319 a69641b37d6aeebdd34a6f34ebf4a394 installed
python-srpm-macros-3.10-10.fc36.noarch 1634056180 41174 14796343f996ddb6b11de9a46b0b7868 installed
redhat-rpm-config-199-1.fc36.noarch 1632308232 174007 41f70a77cdbbbdf67d40e2d8e1b0b402 installed
rpm-build-4.17.0-1.fc36.1.x86_64 1631644675 145180 716dd2c7165dcb7459337bf33d1fc737 installed
util-linux-2.37.2-1.fc36.x86_64 1629194240 11216740 26af3a095042c6a0c6540785313ea546 installed
which-2.21-29.fc36.x86_64 1634290770 82349 2b68973c023b06d3ad05b3425e99ab41 installed
python-rpm-macros-3.10-10.fc36.noarch 1634056180 8119 478687283c7c8c1661fb0fb9b4ea82a9 installed
python3-rpm-macros-3.10-10.fc36.noarch 1634056180 4926 69f01cc9e718a64e46a54e1774c8efc7 installed
pyproject-rpm-macros-0-47.fc36.noarch 1631274761 67207 462701baeb34243cbc13c05b4f1d6e2d installed
python-setuptools-wheel-58.2.0-1.fc36.noarch 1634822197 594370 944df2c039d85f4bf6c8e09d035f1fd8 installed
python-pip-wheel-21.3-1.fc36.noarch 1634296318 1231961 5e5a82440dd86070995c1666d080a93c installed
mpdecimal-2.5.1-2.fc35.x86_64 1626983795 246955 5a959017ea843dc9cd834137e17dcbc5 installed
expat-2.4.1-2.fc35.x86_64 1626909776 295041 1daae32a6bd9b6d68dce05f6cc47415a installed
python3-3.10.0-2.fc36.x86_64 1633437650 33130 8897a7af80ba3f03bda5903e505f397f installed
python3-libs-3.10.0-2.fc36.x86_64 1633437650 33057311 ac68de88ad7240a2db739101232cece6 installed
python3-pyparsing-2.4.7-9.fc35.noarch 1627016952 647492 a028d078073a688bb8a587dd290ef018 installed
python3-packaging-21.0-2.fc35.noarch 1627027690 246115 db92d1c21ba22f87e5f5bae09a6d4247 installed
python3-rpm-generators-12-8.fc35.noarch 1627032205 78354 b411910b0087167a8f625898126e9cb5 installed
python3-devel-3.10.0-2.fc36.x86_64 1633437650 797665 107cac81d907fb21201fdd1e42de532c installed
python3-pyxdg-0.27-3.fc35.noarch 1627036645 339011 02a438e081c0b1229007345a01cc570f installed
python3-setuptools-58.2.0-1.fc36.noarch 1634822197 4769694 9279acabca6ba57cdbf7a90b0c7d4751 installed
python3-wheel-1:0.37.0-1.fc36.noarch 1629291722 214620 26ef322cbcab0043647fd947706925ff installed
python3-pip-21.3.1-1.fc36.noarch 1635195808 9497736 f88f2d731a94f5df1cc00a195a93758f installed
python3-six-1.16.0-4.fc35.noarch 1627032980 106857 2bd146213fd8694f7cc4659dbf43aa7d installed
python3-filelock-3.0.12-12.fc35.noarch 1627373756 33701 e2d1d1a4ebfaaa61af3688c6a0484a51 installed
python3-toml-0.10.2-5.fc35.noarch 1627374446 102372 f05c433c1cb7600141b8948ea4c93882 installed
python3-py-1.10.0-5.fc35.noarch 1627028982 2842768 b1bc52c052ea0713a59883c178a187e4 installed
python3-pluggy-1.0.0-1.fc36.noarch 1630053293 100225 6cab2dde649d4aed673c961c42027592 installed
python3-platformdirs-2.3.0-1.fc36.noarch 1630368619 92918 21eab3a5f68f22e79243b5ba825b1d7f installed
python3-distlib-0.3.2-1.fc35.noarch 1628075058 924483 76c317c50a54607407efb2de25d2f7f4 installed
python-wheel-wheel-1:0.37.0-1.fc36.noarch 1629291722 36305 3f667f06051f74a570e8eb3f81ce5429 installed
python3-virtualenv-20.8.1-1.fc36.noarch 1633612483 676074 f14950536e3b1762b7128981557e5b07 installed
tox-3.24.4-1.fc36.noarch 1634307802 572174 e18e9484de5b2f3be27901fbad42db90 installed
python3-tox-current-env-0.0.6-4.fc35.noarch 1628153789 44855 9903284e54ba95d4a4c8165d9426af5a installed
